This is XeTeX, Version 3.1415926-2.4-0.9998 (MiKTeX 2.9) (preloaded format=xelatex 2013.7.19)  14 NOV 2013 16:36
entering extended mode
**S:/Data*Portal/county_reports/reports/county_report_Island.tex
("S:/Data Portal/county_reports/reports/county_report_Island.tex"
LaTeX2e <2011/06/27>
Babel <v3.8m> and hyphenation patterns for english, afrikaans, ancientgreek, ar
abic, armenian, assamese, basque, bengali, bokmal, bulgarian, catalan, coptic, 
croatian, czech, danish, dutch, esperanto, estonian, farsi, finnish, french, ga
lician, german, german-x-2012-05-30, greek, gujarati, hindi, hungarian, iceland
ic, indonesian, interlingua, irish, italian, kannada, kurmanji, latin, latvian,
 lithuanian, malayalam, marathi, mongolian, mongolianlmc, monogreek, ngerman, n
german-x-2012-05-30, nynorsk, oriya, panjabi, pinyin, polish, portuguese, roman
ian, russian, sanskrit, serbian, slovak, slovenian, spanish, swedish, swissgerm
an, tamil, telugu, turkish, turkmen, ukenglish, ukrainian, uppersorbian, usengl
ishmax, welsh, loaded.
("C:\Program Files (x86)\MiKTeX 2.9\tex\latex\base\article.cls"
Document Class: article 2007/10/19 v1.4h Standard LaTeX document class
("C:\Program Files (x86)\MiKTeX 2.9\tex\latex\base\size10.clo"
File: size10.clo 2007/10/19 v1.4h Standard LaTeX file (size option)
)
\c@part=\count80
\c@section=\count81
\c@subsection=\count82
\c@subsubsection=\count83
\c@paragraph=\count84
\c@subparagraph=\count85
\c@figure=\count86
\c@table=\count87
\abovecaptionskip=\skip41
\belowcaptionskip=\skip42
\bibindent=\dimen102
) ("C:\Program Files (x86)\MiKTeX 2.9\tex\latex\graphics\graphicx.sty"
Package: graphicx 1999/02/16 v1.0f Enhanced LaTeX Graphics (DPC,SPQR)
("C:\Program Files (x86)\MiKTeX 2.9\tex\latex\graphics\keyval.sty"
Package: keyval 1999/03/16 v1.13 key=value parser (DPC)
\KV@toks@=\toks14
) ("C:\Program Files (x86)\MiKTeX 2.9\tex\latex\graphics\graphics.sty"
Package: graphics 2009/02/05 v1.0o Standard LaTeX Graphics (DPC,SPQR)
("C:\Program Files (x86)\MiKTeX 2.9\tex\latex\graphics\trig.sty"
Package: trig 1999/03/16 v1.09 sin cos tan (DPC)
) ("C:\Program Files (x86)\MiKTeX 2.9\tex\latex\00miktex\graphics.cfg"
File: graphics.cfg 2007/01/18 v1.5 graphics configuration of teTeX/TeXLive
)
Package graphics Info: Driver file: xetex.def on input line 91.

(C:\Users\gregorp.NEBULA2\AppData\Roaming\MiKTeX\2.9\tex\xelatex\xetex-def\xete
x.def
File: xetex.def 2013/04/29 v0.96 LaTeX color/graphics driver for XeTeX (RRM/JK)

))
\Gin@req@height=\dimen103
\Gin@req@width=\dimen104
) ("C:\Program Files (x86)\MiKTeX 2.9\tex\latex\graphics\color.sty"
Package: color 2005/11/14 v1.0j Standard LaTeX Color (DPC)
("C:\Program Files (x86)\MiKTeX 2.9\tex\latex\00miktex\color.cfg"
File: color.cfg 2007/01/18 v1.5 color configuration of teTeX/TeXLive
)
Package color Info: Driver file: xetex.def on input line 130.
)
(C:\Users\gregorp.NEBULA2\AppData\Roaming\MiKTeX\2.9\tex\latex\framed\framed.st
y
Package: framed 2011/10/22 v 0.96: framed or shaded text with page breaks
\OuterFrameSep=\skip43
\fb@frw=\dimen105
\fb@frh=\dimen106
\FrameRule=\dimen107
\FrameSep=\dimen108
) ("C:\Program Files (x86)\MiKTeX 2.9\tex\latex\base\alltt.sty"
Package: alltt 1997/06/16 v2.0g defines alltt environment
) ("C:\Program Files (x86)\MiKTeX 2.9\tex\latex\xltxtra\xltxtra.sty"
Package: xltxtra 2010/09/20 v0.5e Improvements for the "XeLaTeX" format
("C:\Program Files (x86)\MiKTeX 2.9\tex\generic\oberdiek\ifluatex.sty"
Package: ifluatex 2010/03/01 v1.3 Provides the ifluatex switch (HO)
Package ifluatex Info: LuaTeX not detected.
) ("C:\Program Files (x86)\MiKTeX 2.9\tex\generic\ifxetex\ifxetex.sty"
Package: ifxetex 2010/09/12 v0.6 Provides ifxetex conditional
) ("C:\Program Files (x86)\MiKTeX 2.9\tex\latex\fontspec\fontspec.sty"
Package: fontspec 2013/02/25 v2.3 Font selection for XeLaTeX and LuaLaTeX

(C:\Users\gregorp.NEBULA2\AppData\Roaming\MiKTeX\2.9\tex\latex\l3kernel\expl3.s
ty
(C:\Users\gregorp.NEBULA2\AppData\Roaming\MiKTeX\2.9\tex\latex\l3kernel\l3names
.sty
(C:\Users\gregorp.NEBULA2\AppData\Roaming\MiKTeX\2.9\tex\latex\l3kernel\l3boots
trap.sty
Package: l3bootstrap 2012/07/16 v3991 L3 Experimental bootstrap code
)
Package: l3names 2012/12/07 v4346 L3 Namespace for primitives
) ("C:\Program Files (x86)\MiKTeX 2.9\tex\latex\misc\etex.sty"
Package: etex 1998/03/26 v2.0 eTeX basic definition package (PEB)
\et@xins=\count88
)
Package: expl3 2012/12/21 v4390 L3 Experimental code bundle wrapper

(C:\Users\gregorp.NEBULA2\AppData\Roaming\MiKTeX\2.9\tex\latex\l3kernel\l3basic
s.sty
Package: l3basics 2012/11/24 v4339 L3 Basic definitions
)
(C:\Users\gregorp.NEBULA2\AppData\Roaming\MiKTeX\2.9\tex\latex\l3kernel\l3expan
.sty
Package: l3expan 2012/08/28 v4149 L3 Argument expansion
)
(C:\Users\gregorp.NEBULA2\AppData\Roaming\MiKTeX\2.9\tex\latex\l3kernel\l3tl.st
y
Package: l3tl 2012/11/24 v4339 L3 Token lists
)
(C:\Users\gregorp.NEBULA2\AppData\Roaming\MiKTeX\2.9\tex\latex\l3kernel\l3seq.s
ty
Package: l3seq 2012/11/24 v4339 L3 Sequences and stacks
)
(C:\Users\gregorp.NEBULA2\AppData\Roaming\MiKTeX\2.9\tex\latex\l3kernel\l3int.s
ty
Package: l3int 2012/09/26 v4237 L3 Integers
\c_max_int=\count89
\l_tmpa_int=\count90
\l_tmpb_int=\count91
\g_tmpa_int=\count92
\g_tmpb_int=\count93
\l_tmpc_int=\count94
)
(C:\Users\gregorp.NEBULA2\AppData\Roaming\MiKTeX\2.9\tex\latex\l3kernel\l3quark
.sty
Package: l3quark 2012/11/04 v4268 L3 Quarks
)
(C:\Users\gregorp.NEBULA2\AppData\Roaming\MiKTeX\2.9\tex\latex\l3kernel\l3prg.s
ty
Package: l3prg 2012/11/24 v4339 L3 Control structures
\g__prg_map_int=\count95
)
(C:\Users\gregorp.NEBULA2\AppData\Roaming\MiKTeX\2.9\tex\latex\l3kernel\l3clist
.sty
Package: l3clist 2012/11/24 v4339 L3 Comma separated lists
)
(C:\Users\gregorp.NEBULA2\AppData\Roaming\MiKTeX\2.9\tex\latex\l3kernel\l3token
.sty
Package: l3token 2012/12/20 v4384 L3 Experimental token manipulation
)
(C:\Users\gregorp.NEBULA2\AppData\Roaming\MiKTeX\2.9\tex\latex\l3kernel\l3prop.
sty
Package: l3prop 2012/09/09 v4212 L3 Property lists
)
(C:\Users\gregorp.NEBULA2\AppData\Roaming\MiKTeX\2.9\tex\latex\l3kernel\l3msg.s
ty
Package: l3msg 2012/09/09 v4212 L3 Messages
)
(C:\Users\gregorp.NEBULA2\AppData\Roaming\MiKTeX\2.9\tex\latex\l3kernel\l3file.
sty
Package: l3file 2012/12/20 v4377 L3 File and I/O operations
\l__ior_stream_int=\count96
\l_iow_line_count_int=\count97
\l__iow_target_count_int=\count98
\l__iow_current_line_int=\count99
\l__iow_current_word_int=\count100
\l__iow_current_indentation_int=\count101
)
(C:\Users\gregorp.NEBULA2\AppData\Roaming\MiKTeX\2.9\tex\latex\l3kernel\l3skip.
sty
Package: l3skip 2012/11/04 v4260 L3 Dimensions and skips
\c_zero_dim=\dimen109
\c_max_dim=\dimen110
\l_tmpa_dim=\dimen111
\l_tmpb_dim=\dimen112
\g_tmpa_dim=\dimen113
\g_tmpb_dim=\dimen114
\c_zero_skip=\skip44
\c_max_skip=\skip45
\l_tmpa_skip=\skip46
\l_tmpb_skip=\skip47
\g_tmpa_skip=\skip48
\g_tmpb_skip=\skip49
\c_zero_muskip=\muskip10
\c_max_muskip=\muskip11
\l_tmpa_muskip=\muskip12
\l_tmpb_muskip=\muskip13
\g_tmpa_muskip=\muskip14
\g_tmpb_muskip=\muskip15
)
(C:\Users\gregorp.NEBULA2\AppData\Roaming\MiKTeX\2.9\tex\latex\l3kernel\l3keys.
sty
Package: l3keys 2012/11/02 v4256 L3 Experimental key-value interfaces
\g__keyval_level_int=\count102
\l_keys_choice_int=\count103
)
(C:\Users\gregorp.NEBULA2\AppData\Roaming\MiKTeX\2.9\tex\latex\l3kernel\l3fp.st
y
Package: l3fp 2012/11/10 v4305 L3 Floating points
\c__fp_leading_shift_int=\count104
\c__fp_middle_shift_int=\count105
\c__fp_trailing_shift_int=\count106
\c__fp_big_leading_shift_int=\count107
\c__fp_big_middle_shift_int=\count108
\c__fp_big_trailing_shift_int=\count109
\c__fp_Bigg_leading_shift_int=\count110
\c__fp_Bigg_middle_shift_int=\count111
\c__fp_Bigg_trailing_shift_int=\count112
)
(C:\Users\gregorp.NEBULA2\AppData\Roaming\MiKTeX\2.9\tex\latex\l3kernel\l3box.s
ty
Package: l3box 2012/12/08 v4347 L3 Experimental boxes
\c_empty_box=\box26
\l_tmpa_box=\box27
\l_tmpb_box=\box28
\g_tmpa_box=\box29
\g_tmpb_box=\box30
)
(C:\Users\gregorp.NEBULA2\AppData\Roaming\MiKTeX\2.9\tex\latex\l3kernel\l3coffi
ns.sty
Package: l3coffins 2012/09/09 v4212 L3 Coffin code layer
\l__coffin_internal_box=\box31
\l__coffin_internal_dim=\dimen115
\l__coffin_offset_x_dim=\dimen116
\l__coffin_offset_y_dim=\dimen117
\l__coffin_x_dim=\dimen118
\l__coffin_y_dim=\dimen119
\l__coffin_x_prime_dim=\dimen120
\l__coffin_y_prime_dim=\dimen121
\c_empty_coffin=\box32
\l__coffin_aligned_coffin=\box33
\l__coffin_aligned_internal_coffin=\box34
\l_tmpa_coffin=\box35
\l_tmpb_coffin=\box36
\l__coffin_display_coffin=\box37
\l__coffin_display_coord_coffin=\box38
\l__coffin_display_pole_coffin=\box39
\l__coffin_display_offset_dim=\dimen122
\l__coffin_display_x_dim=\dimen123
\l__coffin_display_y_dim=\dimen124
)
(C:\Users\gregorp.NEBULA2\AppData\Roaming\MiKTeX\2.9\tex\latex\l3kernel\l3color
.sty
Package: l3color 2012/08/29 v4156 L3 Experimental color support
)
(C:\Users\gregorp.NEBULA2\AppData\Roaming\MiKTeX\2.9\tex\latex\l3kernel\l3luate
x.sty
Package: l3luatex 2012/08/03 v4049 L3 Experimental LuaTeX-specific functions
\g__cctab_allocate_int=\count113
\g__cctab_stack_int=\count114
)
(C:\Users\gregorp.NEBULA2\AppData\Roaming\MiKTeX\2.9\tex\latex\l3kernel\l3candi
dates.sty
Package: l3candidates 2012/12/20 v4383 L3 Experimental additions to l3kernel
\l__box_top_dim=\dimen125
\l__box_bottom_dim=\dimen126
\l__box_left_dim=\dimen127
\l__box_right_dim=\dimen128
\l__box_top_new_dim=\dimen129
\l__box_bottom_new_dim=\dimen130
\l__box_left_new_dim=\dimen131
\l__box_right_new_dim=\dimen132
\l__box_internal_box=\box40
\l__coffin_bounding_shift_dim=\dimen133
\l__coffin_left_corner_dim=\dimen134
\l__coffin_right_corner_dim=\dimen135
\l__coffin_bottom_corner_dim=\dimen136
\l__coffin_top_corner_dim=\dimen137
\l__coffin_scaled_total_height_dim=\dimen138
\l__coffin_scaled_width_dim=\dimen139
) ("C:\Program Files (x86)\MiKTeX 2.9\tex\generic\oberdiek\ifpdf.sty"
Package: ifpdf 2011/01/30 v2.3 Provides the ifpdf switch (HO)
Package ifpdf Info: pdfTeX in PDF mode is not detected.
))
(C:\Users\gregorp.NEBULA2\AppData\Roaming\MiKTeX\2.9\tex\latex\l3packages\xpars
e\xparse.sty
Package: xparse 2012/12/21 v4390 L3 Experimental document command parser
\l__xparse_current_arg_int=\count115
\l__xparse_m_args_int=\count116
\l__xparse_mandatory_args_int=\count117
\l__xparse_processor_int=\count118
\l__xparse_v_nesting_int=\count119
)
\l_fontspec_script_int=\count120
\l_fontspec_language_int=\count121
\l_fontspec_strnum_int=\count122
\l_fontspec_tmpa_dim=\dimen140
\l_fontspec_tmpb_dim=\dimen141
\l_fontspec_tmpc_dim=\dimen142
Variant \tl_gset:cV already defined; not changing it on line 69
("C:\Program Files (x86)\MiKTeX 2.9\tex\latex\fontspec\fontspec-patches.sty"
Package: fontspec-patches 2013/02/25 v2.3 Font selection for XeLaTeX and LuaLaT
eX
("C:\Program Files (x86)\MiKTeX 2.9\tex\latex\base\fixltx2e.sty"
Package: fixltx2e 2006/09/13 v1.1m fixes to LaTeX
LaTeX Info: Redefining \em on input line 420.
)
LaTeX Info: Redefining \em on input line 22.
LaTeX Info: Redefining \emph on input line 30.
LaTeX Info: Redefining \- on input line 33.
*************************************************
* LaTeX warning: "xparse/redefine-command"
* 
* Redefining document command \oldstylenums with arg. spec. 'm' on line 128.
*************************************************
.................................................
. LaTeX info: "xparse/define-command"
. 
. Defining document command \liningnums with arg. spec. 'm' on line 132.
.................................................
) ("C:\Program Files (x86)\MiKTeX 2.9\tex\latex\fontspec\fontspec-xetex.sty"
Package: fontspec-xetex 2013/02/25 v2.3 Font selection for XeLaTeX and LuaLaTeX

("C:\Program Files (x86)\MiKTeX 2.9\tex\latex\base\fontenc.sty"
Package: fontenc 2005/09/27 v1.99g Standard LaTeX package
("C:\Program Files (x86)\MiKTeX 2.9\tex\latex\euenc\eu1enc.def"
File: eu1enc.def 2010/05/27 v0.1h Experimental Unicode font encodings
)
LaTeX Font Info:    Try loading font information for EU1+lmr on input line 100.

("C:\Program Files (x86)\MiKTeX 2.9\tex\latex\euenc\eu1lmr.fd"
File: eu1lmr.fd 2009/10/30 v1.6 Font defs for Latin Modern
)) ("C:\Program Files (x86)\MiKTeX 2.9\tex\xelatex\xunicode\xunicode.sty"
File: xunicode.sty 2011/09/09 v0.981 provides access to latin accents and many 
other characters in Unicode lower plane
(C:\Users\gregorp.NEBULA2\AppData\Roaming\MiKTeX\2.9\tex\latex\tipa\t3enc.def
File: t3enc.def 2001/12/31 T3 encoding
LaTeX Font Info:    Try loading font information for EU1+lmss on input line 357
.
("C:\Program Files (x86)\MiKTeX 2.9\tex\latex\euenc\eu1lmss.fd"
File: eu1lmss.fd 2009/10/30 v1.6 Font defs for Latin Modern
))
\tipaTiiicode=\count123
\tipasavetokens=\toks15
\tipachecktokens=\toks16
)
.................................................
. LaTeX info: "xparse/define-command"
. 
. Defining document command \fontspec with arg. spec. 'O{}m' on line 41.
.................................................
.................................................
. LaTeX info: "xparse/define-command"
. 
. Defining document command \setmainfont with arg. spec. 'O{}m' on line 46.
.................................................
.................................................
. LaTeX info: "xparse/define-command"
. 
. Defining document command \setsansfont with arg. spec. 'O{}m' on line 51.
.................................................
.................................................
. LaTeX info: "xparse/define-command"
. 
. Defining document command \setmonofont with arg. spec. 'O{}m' on line 56.
.................................................
.................................................
. LaTeX info: "xparse/define-command"
. 
. Defining document command \setmathrm with arg. spec. 'O{}m' on line 65.
.................................................
.................................................
. LaTeX info: "xparse/define-command"
. 
. Defining document command \setboldmathrm with arg. spec. 'O{}m' on line 69.
.................................................
.................................................
. LaTeX info: "xparse/define-command"
. 
. Defining document command \setmathsf with arg. spec. 'O{}m' on line 73.
.................................................
.................................................
. LaTeX info: "xparse/define-command"
. 
. Defining document command \setmathtt with arg. spec. 'O{}m' on line 77.
.................................................
.................................................
. LaTeX info: "xparse/define-command"
. 
. Defining document command \newfontfamily with arg. spec. 'mO{}m' on line 96.
.................................................
.................................................
. LaTeX info: "xparse/define-command"
. 
. Defining document command \newfontface with arg. spec. 'mO{}m' on line 100.
.................................................
.................................................
. LaTeX info: "xparse/define-command"
. 
. Defining document command \defaultfontfeatures with arg. spec. 'om' on line
. 108.
.................................................
.................................................
. LaTeX info: "xparse/define-command"
. 
. Defining document command \addfontfeatures with arg. spec. 'm' on line 144.
.................................................
.................................................
. LaTeX info: "xparse/define-command"
. 
. Defining document command \newfontfeature with arg. spec. 'mm' on line 156.
.................................................
.................................................
. LaTeX info: "xparse/define-command"
. 
. Defining document command \newAATfeature with arg. spec. 'mmmm' on line 164.
.................................................
.................................................
. LaTeX info: "xparse/define-command"
. 
. Defining document command \newICUfeature with arg. spec. 'mmm' on line 172.
.................................................
.................................................
. LaTeX info: "xparse/define-command"
. 
. Defining document command \aliasfontfeature with arg. spec. 'mm' on line
. 201.
.................................................
.................................................
. LaTeX info: "xparse/define-command"
. 
. Defining document command \aliasfontfeatureoption with arg. spec. 'mmm' on
. line 203.
.................................................
.................................................
. LaTeX info: "xparse/define-command"
. 
. Defining document command \newfontscript with arg. spec. 'mm' on line 208.
.................................................
.................................................
. LaTeX info: "xparse/define-command"
. 
. Defining document command \newfontlanguage with arg. spec. 'mm' on line 235.
.................................................
.................................................
. LaTeX info: "xparse/define-command"
. 
. Defining document command \DeclareFontsExtensions with arg. spec. 'm' on
. line 256.
.................................................
Variant \prop_gput:cnV already defined; not changing it on line 582
Variant \prop_gput:cnx already defined; not changing it on line 583
\l_fontspec_tmp_int=\count124
LaTeX Info: Redefining \itshape on input line 2091.
LaTeX Info: Redefining \slshape on input line 2096.
LaTeX Info: Redefining \scshape on input line 2101.
LaTeX Info: Redefining \upshape on input line 2106.
("C:\Program Files (x86)\MiKTeX 2.9\tex\latex\fontspec\fontspec.cfg")))
(C:\Users\gregorp.NEBULA2\AppData\Roaming\MiKTeX\2.9\tex\latex\realscripts\real
scripts.sty
Package: realscripts 2013/02/27 v0.3b Access OpenType subscripts and superscrip
ts
.................................................
. LaTeX info: "xparse/define-command"
. 
. Defining document command \fakesubscript with arg. spec. 'm' on line 19.
.................................................
.................................................
. LaTeX info: "xparse/define-command"
. 
. Defining document command \fakesuperscript with arg. spec. 'm' on line 22.
.................................................
*************************************************
* LaTeX warning: "xparse/redefine-command"
* 
* Redefining document command \textsubscript with arg. spec. 's' on line 25.
*************************************************
*************************************************
* LaTeX warning: "xparse/redefine-command"
* 
* Redefining document command \textsuperscript with arg. spec. 's' on line 28.
*************************************************
.................................................
. LaTeX info: "xparse/define-command"
. 
. Defining document command \realsubscript with arg. spec. 'm' on line 45.
.................................................
.................................................
. LaTeX info: "xparse/define-command"
. 
. Defining document command \realsuperscript with arg. spec. 'm' on line 60.
.................................................
.................................................
. LaTeX info: "xparse/define-command"
. 
. Defining document command \textsubsuperscript with arg. spec. 'sO{l}mm' on
. line 137.
.................................................
.................................................
. LaTeX info: "xparse/define-command"
. 
. Defining document command \textsupersubscript with arg. spec. 'sO{l}mm' on
. line 140.
.................................................
\subsupersep=\dimen143
)
(C:\Users\gregorp.NEBULA2\AppData\Roaming\MiKTeX\2.9\tex\latex\metalogo\metalog
o.sty
Package: metalogo 2010/05/29 v0.12 Extended TeX logo macros
\xl@everylogo=\toks17
\xl@@everylogo=\toks18
LaTeX Info: Redefining \TeX on input line 193.
LaTeX Info: Redefining \LaTeX on input line 202.
LaTeX Info: Redefining \LaTeXe on input line 219.
)
\xxt@tempbox=\box41
) ("C:\Program Files (x86)\MiKTeX 2.9\tex\latex\geometry\geometry.sty"
Package: geometry 2010/09/12 v5.6 Page Geometry
("C:\Program Files (x86)\MiKTeX 2.9\tex\generic\oberdiek\ifvtex.sty"
Package: ifvtex 2010/03/01 v1.5 Detect VTeX and its facilities (HO)
Package ifvtex Info: VTeX not detected.
)
\Gm@cnth=\count125
\Gm@cntv=\count126
\c@Gm@tempcnt=\count127
\Gm@bindingoffset=\dimen144
\Gm@wd@mp=\dimen145
\Gm@odd@mp=\dimen146
\Gm@even@mp=\dimen147
\Gm@layoutwidth=\dimen148
\Gm@layoutheight=\dimen149
\Gm@layouthoffset=\dimen150
\Gm@layoutvoffset=\dimen151
\Gm@dimlist=\toks19
("C:\Program Files (x86)\MiKTeX 2.9\tex\xelatex\xetexconfig\geometry.cfg")) ("C
:\Program Files (x86)\MiKTeX 2.9\tex\latex\hyperref\hyperref.sty"
Package: hyperref 2012/11/06 v6.83m Hypertext links for LaTeX
("C:\Program Files (x86)\MiKTeX 2.9\tex\generic\oberdiek\hobsub-hyperref.sty"
Package: hobsub-hyperref 2012/04/25 v1.12 Bundle oberdiek, subset hyperref (HO)

("C:\Program Files (x86)\MiKTeX 2.9\tex\generic\oberdiek\hobsub-generic.sty"
Package: hobsub-generic 2012/04/25 v1.12 Bundle oberdiek, subset generic (HO)
Package: hobsub 2012/04/25 v1.12 Construct package bundles (HO)
Package: infwarerr 2010/04/08 v1.3 Providing info/warning/error messages (HO)
Package: ltxcmds 2011/11/09 v1.22 LaTeX kernel commands for general use (HO)
Package hobsub Info: Skipping package `ifluatex' (already loaded).
Package hobsub Info: Skipping package `ifvtex' (already loaded).
Package: intcalc 2007/09/27 v1.1 Expandable calculations with integers (HO)
Package hobsub Info: Skipping package `ifpdf' (already loaded).
Package: etexcmds 2011/02/16 v1.5 Avoid name clashes with e-TeX commands (HO)
Package etexcmds Info: Could not find \expanded.
(etexcmds)             That can mean that you are not using pdfTeX 1.50 or
(etexcmds)             that some package has redefined \expanded.
(etexcmds)             In the latter case, load this package earlier.
Package: kvsetkeys 2012/04/25 v1.16 Key value parser (HO)
Package: kvdefinekeys 2011/04/07 v1.3 Define keys (HO)
Package: pdftexcmds 2011/11/29 v0.20 Utility functions of pdfTeX for LuaTeX (HO
)
Package pdftexcmds Info: LuaTeX not detected.
Package pdftexcmds Info: pdfTeX >= 1.30 not detected.
Package pdftexcmds Info: \pdf@primitive is available.
Package pdftexcmds Info: \pdf@ifprimitive is available.
Package pdftexcmds Info: \pdfdraftmode not found.
Package: pdfescape 2011/11/25 v1.13 Implements pdfTeX's escape features (HO)
Package: bigintcalc 2012/04/08 v1.3 Expandable calculations on big integers (HO
)
Package: bitset 2011/01/30 v1.1 Handle bit-vector datatype (HO)
Package: uniquecounter 2011/01/30 v1.2 Provide unlimited unique counter (HO)
)
Package hobsub Info: Skipping package `hobsub' (already loaded).
Package: letltxmacro 2010/09/02 v1.4 Let assignment for LaTeX macros (HO)
Package: hopatch 2011/06/24 v1.1 Wrapper for package hooks (HO)
Package: xcolor-patch 2011/01/30 xcolor patch
Package: atveryend 2011/06/30 v1.8 Hooks at the very end of document (HO)
Package atveryend Info: \enddocument detected (standard20110627).
Package: atbegshi 2011/10/05 v1.16 At begin shipout hook (HO)
Package: refcount 2011/10/16 v3.4 Data extraction from label references (HO)
Package: hycolor 2011/01/30 v1.7 Color options for hyperref/bookmark (HO)
) ("C:\Program Files (x86)\MiKTeX 2.9\tex\latex\oberdiek\auxhook.sty"
Package: auxhook 2011/03/04 v1.3 Hooks for auxiliary files (HO)
) ("C:\Program Files (x86)\MiKTeX 2.9\tex\latex\oberdiek\kvoptions.sty"
Package: kvoptions 2011/06/30 v3.11 Key value format for package options (HO)
)
\@linkdim=\dimen152
\Hy@linkcounter=\count128
\Hy@pagecounter=\count129
("C:\Program Files (x86)\MiKTeX 2.9\tex\latex\hyperref\pd1enc.def"
File: pd1enc.def 2012/11/06 v6.83m Hyperref: PDFDocEncoding definition (HO)
)
\Hy@SavedSpaceFactor=\count130
("C:\Program Files (x86)\MiKTeX 2.9\tex\latex\00miktex\hyperref.cfg"
File: hyperref.cfg 2002/06/06 v1.2 hyperref configuration of TeXLive
)
Package hyperref Info: Option `pageanchor' set `true' on input line 4319.
Package hyperref Info: Hyper figures OFF on input line 4443.
Package hyperref Info: Link nesting OFF on input line 4448.
Package hyperref Info: Hyper index ON on input line 4451.
Package hyperref Info: Plain pages OFF on input line 4458.
Package hyperref Info: Backreferencing OFF on input line 4463.
Package hyperref Info: Implicit mode ON; LaTeX internals redefined.
Package hyperref Info: Bookmarks ON on input line 4688.
\c@Hy@tempcnt=\count131
("C:\Program Files (x86)\MiKTeX 2.9\tex\xelatex\xetexurl\url.sty"
\Urlmuskip=\muskip16
Package: url 2004/03/15  ver 3.1  Verb mode for urls, etc.
)
LaTeX Info: Redefining \url on input line 5041.
\XeTeXLinkMargin=\dimen153
\Fld@menulength=\count132
\Field@Width=\dimen154
\Fld@charsize=\dimen155
Package hyperref Info: Hyper figures OFF on input line 6295.
Package hyperref Info: Link nesting OFF on input line 6300.
Package hyperref Info: Hyper index ON on input line 6303.
Package hyperref Info: backreferencing OFF on input line 6310.
Package hyperref Info: Link coloring OFF on input line 6315.
Package hyperref Info: Link coloring with OCG OFF on input line 6320.
Package hyperref Info: PDF/A mode OFF on input line 6325.
LaTeX Info: Redefining \ref on input line 6365.
LaTeX Info: Redefining \pageref on input line 6369.
\Hy@abspage=\count133
\c@Item=\count134
\c@Hfootnote=\count135
)

Package hyperref Message: Driver (autodetected): hxetex.

("C:\Program Files (x86)\MiKTeX 2.9\tex\latex\hyperref\hxetex.def"
File: hxetex.def 2012/11/06 v6.83m Hyperref driver for XeTeX
("C:\Program Files (x86)\MiKTeX 2.9\tex\latex\hyperref\puenc.def"
File: puenc.def 2012/11/06 v6.83m Hyperref: PDF Unicode definition (HO)
) ("C:\Program Files (x86)\MiKTeX 2.9\tex\generic\oberdiek\stringenc.sty"
Package: stringenc 2011/12/02 v1.10 Convert strings between diff. encodings (HO
)
)
\pdfm@box=\box42
\c@Hy@AnnotLevel=\count136
\HyField@AnnotCount=\count137
\Fld@listcount=\count138
\c@bookmark@seq@number=\count139
("C:\Program Files (x86)\MiKTeX 2.9\tex\latex\oberdiek\rerunfilecheck.sty"
Package: rerunfilecheck 2011/04/15 v1.7 Rerun checks for auxiliary files (HO)
Package rerunfilecheck Info: Feature \pdfmdfivesum is not available
(rerunfilecheck)             (e.g. pdfTeX or LuaTeX with package `pdftexcmds').

(rerunfilecheck)             Therefore file contents cannot be checked efficien
tly
(rerunfilecheck)             and the loading of the package is aborted.
)
\Hy@SectionHShift=\skip50
)
(C:\Users\gregorp.NEBULA2\AppData\Roaming\MiKTeX\2.9\tex\latex\sectsty\sectsty.
sty
Package: sectsty 2002/02/25 v2.0.2 Commands to change all sectional heading sty
les
)
(C:\Users\gregorp.NEBULA2\AppData\Roaming\MiKTeX\2.9\tex\latex\pgf\frontendlaye
r\tikz.sty
(C:\Users\gregorp.NEBULA2\AppData\Roaming\MiKTeX\2.9\tex\latex\pgf\basiclayer\p
gf.sty
(C:\Users\gregorp.NEBULA2\AppData\Roaming\MiKTeX\2.9\tex\latex\pgf\utilities\pg
frcs.sty
(C:\Users\gregorp.NEBULA2\AppData\Roaming\MiKTeX\2.9\tex\generic\pgf\utilities\
pgfutil-common.tex
\pgfutil@everybye=\toks20
)
(C:\Users\gregorp.NEBULA2\AppData\Roaming\MiKTeX\2.9\tex\generic\pgf\utilities\
pgfutil-latex.def
\pgfutil@abb=\box43
(C:\Users\gregorp.NEBULA2\AppData\Roaming\MiKTeX\2.9\tex\latex\ms\everyshi.sty
Package: everyshi 2001/05/15 v3.00 EveryShipout Package (MS)
))
(C:\Users\gregorp.NEBULA2\AppData\Roaming\MiKTeX\2.9\tex\generic\pgf\utilities\
pgfrcs.code.tex
Package: pgfrcs 2010/10/25 v2.10 (rcs-revision 1.24)
))
Package: pgf 2008/01/15 v2.10 (rcs-revision 1.12)

(C:\Users\gregorp.NEBULA2\AppData\Roaming\MiKTeX\2.9\tex\latex\pgf\basiclayer\p
gfcore.sty
(C:\Users\gregorp.NEBULA2\AppData\Roaming\MiKTeX\2.9\tex\latex\pgf\systemlayer\
pgfsys.sty
(C:\Users\gregorp.NEBULA2\AppData\Roaming\MiKTeX\2.9\tex\generic\pgf\systemlaye
r\pgfsys.code.tex
Package: pgfsys 2010/06/30 v2.10 (rcs-revision 1.37)

(C:\Users\gregorp.NEBULA2\AppData\Roaming\MiKTeX\2.9\tex\generic\pgf\utilities\
pgfkeys.code.tex
\pgfkeys@pathtoks=\toks21
\pgfkeys@temptoks=\toks22

(C:\Users\gregorp.NEBULA2\AppData\Roaming\MiKTeX\2.9\tex\generic\pgf\utilities\
pgfkeysfiltered.code.tex
\pgfkeys@tmptoks=\toks23
))
\pgf@x=\dimen156
\pgf@y=\dimen157
\pgf@xa=\dimen158
\pgf@ya=\dimen159
\pgf@xb=\dimen160
\pgf@yb=\dimen161
\pgf@xc=\dimen162
\pgf@yc=\dimen163
\w@pgf@writea=\write3
\r@pgf@reada=\read1
\c@pgf@counta=\count140
\c@pgf@countb=\count141
\c@pgf@countc=\count142
\c@pgf@countd=\count143

(C:\Users\gregorp.NEBULA2\AppData\Roaming\MiKTeX\2.9\tex\generic\pgf\systemlaye
r\pgf.cfg
File: pgf.cfg 2008/05/14  (rcs-revision 1.7)
)
Package pgfsys Info: Driver file for pgf: pgfsys-xetex.def on input line 900.

(C:\Users\gregorp.NEBULA2\AppData\Roaming\MiKTeX\2.9\tex\generic\pgf\systemlaye
r\pgfsys-xetex.def
File: pgfsys-xetex.def 2010/02/16  (rcs-revision 1.3)

(C:\Users\gregorp.NEBULA2\AppData\Roaming\MiKTeX\2.9\tex\generic\pgf\systemlaye
r\pgfsys-common-pdf.def
File: pgfsys-common-pdf.def 2008/05/19  (rcs-revision 1.10)
)
(C:\Users\gregorp.NEBULA2\AppData\Roaming\MiKTeX\2.9\tex\generic\pgf\systemlaye
r\pgfsys-common-pdf-via-dvi.def
File: pgfsys-common-pdf-via-dvi.def 2008/05/19  (rcs-revision 1.7)
)))
(C:\Users\gregorp.NEBULA2\AppData\Roaming\MiKTeX\2.9\tex\generic\pgf\systemlaye
r\pgfsyssoftpath.code.tex
File: pgfsyssoftpath.code.tex 2008/07/18  (rcs-revision 1.7)
\pgfsyssoftpath@smallbuffer@items=\count144
\pgfsyssoftpath@bigbuffer@items=\count145
)
(C:\Users\gregorp.NEBULA2\AppData\Roaming\MiKTeX\2.9\tex\generic\pgf\systemlaye
r\pgfsysprotocol.code.tex
File: pgfsysprotocol.code.tex 2006/10/16  (rcs-revision 1.4)
))
(C:\Users\gregorp.NEBULA2\AppData\Roaming\MiKTeX\2.9\tex\latex\xcolor\xcolor.st
y
Package: xcolor 2007/01/21 v2.11 LaTeX color extensions (UK)
("C:\Program Files (x86)\MiKTeX 2.9\tex\latex\00miktex\color.cfg"
File: color.cfg 2007/01/18 v1.5 color configuration of teTeX/TeXLive
)
Package xcolor Info: Driver file: xetex.def on input line 225.
LaTeX Info: Redefining \color on input line 702.
Package xcolor Info: Model `cmy' substituted by `cmy0' on input line 1337.
Package xcolor Info: Model `RGB' extended on input line 1353.
Package xcolor Info: Model `HTML' substituted by `rgb' on input line 1355.
Package xcolor Info: Model `Hsb' substituted by `hsb' on input line 1356.
Package xcolor Info: Model `tHsb' substituted by `hsb' on input line 1357.
Package xcolor Info: Model `HSB' substituted by `hsb' on input line 1358.
Package xcolor Info: Model `Gray' substituted by `gray' on input line 1359.
Package xcolor Info: Model `wave' substituted by `hsb' on input line 1360.
)
(C:\Users\gregorp.NEBULA2\AppData\Roaming\MiKTeX\2.9\tex\generic\pgf\basiclayer
\pgfcore.code.tex
Package: pgfcore 2010/04/11 v2.10 (rcs-revision 1.7)

(C:\Users\gregorp.NEBULA2\AppData\Roaming\MiKTeX\2.9\tex\generic\pgf\math\pgfma
th.code.tex
(C:\Users\gregorp.NEBULA2\AppData\Roaming\MiKTeX\2.9\tex\generic\pgf\math\pgfma
thcalc.code.tex
(C:\Users\gregorp.NEBULA2\AppData\Roaming\MiKTeX\2.9\tex\generic\pgf\math\pgfma
thutil.code.tex)
(C:\Users\gregorp.NEBULA2\AppData\Roaming\MiKTeX\2.9\tex\generic\pgf\math\pgfma
thparser.code.tex
\pgfmath@dimen=\dimen164
\pgfmath@count=\count146
\pgfmath@box=\box44
\pgfmath@toks=\toks24
\pgfmath@stack@operand=\toks25
\pgfmath@stack@operation=\toks26
)
(C:\Users\gregorp.NEBULA2\AppData\Roaming\MiKTeX\2.9\tex\generic\pgf\math\pgfma
thfunctions.code.tex
(C:\Users\gregorp.NEBULA2\AppData\Roaming\MiKTeX\2.9\tex\generic\pgf\math\pgfma
thfunctions.basic.code.tex)
(C:\Users\gregorp.NEBULA2\AppData\Roaming\MiKTeX\2.9\tex\generic\pgf\math\pgfma
thfunctions.trigonometric.code.tex)
(C:\Users\gregorp.NEBULA2\AppData\Roaming\MiKTeX\2.9\tex\generic\pgf\math\pgfma
thfunctions.random.code.tex)
(C:\Users\gregorp.NEBULA2\AppData\Roaming\MiKTeX\2.9\tex\generic\pgf\math\pgfma
thfunctions.comparison.code.tex)
(C:\Users\gregorp.NEBULA2\AppData\Roaming\MiKTeX\2.9\tex\generic\pgf\math\pgfma
thfunctions.base.code.tex)
(C:\Users\gregorp.NEBULA2\AppData\Roaming\MiKTeX\2.9\tex\generic\pgf\math\pgfma
thfunctions.round.code.tex)
(C:\Users\gregorp.NEBULA2\AppData\Roaming\MiKTeX\2.9\tex\generic\pgf\math\pgfma
thfunctions.misc.code.tex)))
(C:\Users\gregorp.NEBULA2\AppData\Roaming\MiKTeX\2.9\tex\generic\pgf\math\pgfma
thfloat.code.tex
\c@pgfmathroundto@lastzeros=\count147
))
(C:\Users\gregorp.NEBULA2\AppData\Roaming\MiKTeX\2.9\tex\generic\pgf\basiclayer
\pgfcorepoints.code.tex
File: pgfcorepoints.code.tex 2010/04/09  (rcs-revision 1.20)
\pgf@picminx=\dimen165
\pgf@picmaxx=\dimen166
\pgf@picminy=\dimen167
\pgf@picmaxy=\dimen168
\pgf@pathminx=\dimen169
\pgf@pathmaxx=\dimen170
\pgf@pathminy=\dimen171
\pgf@pathmaxy=\dimen172
\pgf@xx=\dimen173
\pgf@xy=\dimen174
\pgf@yx=\dimen175
\pgf@yy=\dimen176
\pgf@zx=\dimen177
\pgf@zy=\dimen178
)
(C:\Users\gregorp.NEBULA2\AppData\Roaming\MiKTeX\2.9\tex\generic\pgf\basiclayer
\pgfcorepathconstruct.code.tex
File: pgfcorepathconstruct.code.tex 2010/08/03  (rcs-revision 1.24)
\pgf@path@lastx=\dimen179
\pgf@path@lasty=\dimen180
)
(C:\Users\gregorp.NEBULA2\AppData\Roaming\MiKTeX\2.9\tex\generic\pgf\basiclayer
\pgfcorepathusage.code.tex
File: pgfcorepathusage.code.tex 2008/04/22  (rcs-revision 1.12)
\pgf@shorten@end@additional=\dimen181
\pgf@shorten@start@additional=\dimen182
)
(C:\Users\gregorp.NEBULA2\AppData\Roaming\MiKTeX\2.9\tex\generic\pgf\basiclayer
\pgfcorescopes.code.tex
File: pgfcorescopes.code.tex 2010/09/08  (rcs-revision 1.34)
\pgfpic=\box45
\pgf@hbox=\box46
\pgf@layerbox@main=\box47
\pgf@picture@serial@count=\count148
)
(C:\Users\gregorp.NEBULA2\AppData\Roaming\MiKTeX\2.9\tex\generic\pgf\basiclayer
\pgfcoregraphicstate.code.tex
File: pgfcoregraphicstate.code.tex 2008/04/22  (rcs-revision 1.9)
\pgflinewidth=\dimen183
)
(C:\Users\gregorp.NEBULA2\AppData\Roaming\MiKTeX\2.9\tex\generic\pgf\basiclayer
\pgfcoretransformations.code.tex
File: pgfcoretransformations.code.tex 2009/06/10  (rcs-revision 1.11)
\pgf@pt@x=\dimen184
\pgf@pt@y=\dimen185
\pgf@pt@temp=\dimen186
)
(C:\Users\gregorp.NEBULA2\AppData\Roaming\MiKTeX\2.9\tex\generic\pgf\basiclayer
\pgfcorequick.code.tex
File: pgfcorequick.code.tex 2008/10/09  (rcs-revision 1.3)
)
(C:\Users\gregorp.NEBULA2\AppData\Roaming\MiKTeX\2.9\tex\generic\pgf\basiclayer
\pgfcoreobjects.code.tex
File: pgfcoreobjects.code.tex 2006/10/11  (rcs-revision 1.2)
)
(C:\Users\gregorp.NEBULA2\AppData\Roaming\MiKTeX\2.9\tex\generic\pgf\basiclayer
\pgfcorepathprocessing.code.tex
File: pgfcorepathprocessing.code.tex 2008/10/09  (rcs-revision 1.8)
)
(C:\Users\gregorp.NEBULA2\AppData\Roaming\MiKTeX\2.9\tex\generic\pgf\basiclayer
\pgfcorearrows.code.tex
File: pgfcorearrows.code.tex 2008/04/23  (rcs-revision 1.11)
)
(C:\Users\gregorp.NEBULA2\AppData\Roaming\MiKTeX\2.9\tex\generic\pgf\basiclayer
\pgfcoreshade.code.tex
File: pgfcoreshade.code.tex 2008/11/23  (rcs-revision 1.13)
\pgf@max=\dimen187
\pgf@sys@shading@range@num=\count149
)
(C:\Users\gregorp.NEBULA2\AppData\Roaming\MiKTeX\2.9\tex\generic\pgf\basiclayer
\pgfcoreimage.code.tex
File: pgfcoreimage.code.tex 2010/03/25  (rcs-revision 1.16)

(C:\Users\gregorp.NEBULA2\AppData\Roaming\MiKTeX\2.9\tex\generic\pgf\basiclayer
\pgfcoreexternal.code.tex
File: pgfcoreexternal.code.tex 2010/09/01  (rcs-revision 1.17)
\pgfexternal@startupbox=\box48
))
(C:\Users\gregorp.NEBULA2\AppData\Roaming\MiKTeX\2.9\tex\generic\pgf\basiclayer
\pgfcorelayers.code.tex
File: pgfcorelayers.code.tex 2010/08/27  (rcs-revision 1.2)
)
(C:\Users\gregorp.NEBULA2\AppData\Roaming\MiKTeX\2.9\tex\generic\pgf\basiclayer
\pgfcoretransparency.code.tex
File: pgfcoretransparency.code.tex 2008/01/17  (rcs-revision 1.2)
)
(C:\Users\gregorp.NEBULA2\AppData\Roaming\MiKTeX\2.9\tex\generic\pgf\basiclayer
\pgfcorepatterns.code.tex
File: pgfcorepatterns.code.tex 2009/07/02  (rcs-revision 1.3)
)))
(C:\Users\gregorp.NEBULA2\AppData\Roaming\MiKTeX\2.9\tex\generic\pgf\modules\pg
fmoduleshapes.code.tex
File: pgfmoduleshapes.code.tex 2010/09/09  (rcs-revision 1.13)
\pgfnodeparttextbox=\box49
)
(C:\Users\gregorp.NEBULA2\AppData\Roaming\MiKTeX\2.9\tex\generic\pgf\modules\pg
fmoduleplot.code.tex
File: pgfmoduleplot.code.tex 2010/10/22  (rcs-revision 1.8)
)
(C:\Users\gregorp.NEBULA2\AppData\Roaming\MiKTeX\2.9\tex\latex\pgf\compatibilit
y\pgfcomp-version-0-65.sty
Package: pgfcomp-version-0-65 2007/07/03 v2.10 (rcs-revision 1.7)
\pgf@nodesepstart=\dimen188
\pgf@nodesepend=\dimen189
)
(C:\Users\gregorp.NEBULA2\AppData\Roaming\MiKTeX\2.9\tex\latex\pgf\compatibilit
y\pgfcomp-version-1-18.sty
Package: pgfcomp-version-1-18 2007/07/23 v2.10 (rcs-revision 1.1)
))
(C:\Users\gregorp.NEBULA2\AppData\Roaming\MiKTeX\2.9\tex\latex\pgf\utilities\pg
ffor.sty
(C:\Users\gregorp.NEBULA2\AppData\Roaming\MiKTeX\2.9\tex\latex\pgf\utilities\pg
fkeys.sty
(C:\Users\gregorp.NEBULA2\AppData\Roaming\MiKTeX\2.9\tex\generic\pgf\utilities\
pgfkeys.code.tex))
(C:\Users\gregorp.NEBULA2\AppData\Roaming\MiKTeX\2.9\tex\generic\pgf\utilities\
pgffor.code.tex
Package: pgffor 2010/03/23 v2.10 (rcs-revision 1.18)
\pgffor@iter=\dimen190
\pgffor@skip=\dimen191
\pgffor@stack=\toks27
\pgffor@toks=\toks28
))
(C:\Users\gregorp.NEBULA2\AppData\Roaming\MiKTeX\2.9\tex\generic\pgf\frontendla
yer\tikz\tikz.code.tex
Package: tikz 2010/10/13 v2.10 (rcs-revision 1.76)

(C:\Users\gregorp.NEBULA2\AppData\Roaming\MiKTeX\2.9\tex\generic\pgf\libraries\
pgflibraryplothandlers.code.tex
File: pgflibraryplothandlers.code.tex 2010/05/31 v2.10 (rcs-revision 1.15)
\pgf@plot@mark@count=\count150
\pgfplotmarksize=\dimen192
)
\tikz@lastx=\dimen193
\tikz@lasty=\dimen194
\tikz@lastxsaved=\dimen195
\tikz@lastysaved=\dimen196
\tikzleveldistance=\dimen197
\tikzsiblingdistance=\dimen198
\tikz@figbox=\box50
\tikz@tempbox=\box51
\tikztreelevel=\count151
\tikznumberofchildren=\count152
\tikznumberofcurrentchild=\count153
\tikz@fig@count=\count154

(C:\Users\gregorp.NEBULA2\AppData\Roaming\MiKTeX\2.9\tex\generic\pgf\modules\pg
fmodulematrix.code.tex
File: pgfmodulematrix.code.tex 2010/08/24  (rcs-revision 1.4)
\pgfmatrixcurrentrow=\count155
\pgfmatrixcurrentcolumn=\count156
\pgf@matrix@numberofcolumns=\count157
)
\tikz@expandcount=\count158

(C:\Users\gregorp.NEBULA2\AppData\Roaming\MiKTeX\2.9\tex\generic\pgf\frontendla
yer\tikz\libraries\tikzlibrarytopaths.code.tex
File: tikzlibrarytopaths.code.tex 2008/06/17 v2.10 (rcs-revision 1.2)
)))
(C:\Users\gregorp.NEBULA2\AppData\Roaming\MiKTeX\2.9\tex\latex\booktabs\booktab
s.sty
Package: booktabs 2005/04/14 v1.61803 publication quality tables
\heavyrulewidth=\dimen199
\lightrulewidth=\dimen200
\cmidrulewidth=\dimen201
Normal \dimen register pool exhausted, switching to extended pool.
\belowrulesep=\dimen256
\belowbottomsep=\dimen257
\aboverulesep=\dimen258
\abovetopsep=\dimen259
\cmidrulesep=\dimen260
\cmidrulekern=\dimen261
\defaultaddspace=\dimen262
\@cmidla=\count159
\@cmidlb=\count160
\@aboverulesep=\dimen263
\@belowrulesep=\dimen264
\@thisruleclass=\count161
\@lastruleclass=\count162
\@thisrulewidth=\dimen265
)
(C:\Users\gregorp.NEBULA2\AppData\Roaming\MiKTeX\2.9\tex\latex\caption\caption.
sty
Package: caption 2013/04/14 v3.3-73 Customizing captions (AR)

(C:\Users\gregorp.NEBULA2\AppData\Roaming\MiKTeX\2.9\tex\latex\caption\caption3
.sty
Package: caption3 2013/04/14 v1.5-71 caption3 kernel (AR)
\captionmargin=\dimen266
\captionmargin@=\dimen267
\captionwidth=\dimen268
\caption@tempdima=\dimen269
\caption@indent=\dimen270
\caption@parindent=\dimen271
\caption@hangindent=\dimen272
)
\c@ContinuedFloat=\count163
Package caption Info: hyperref package is loaded.
)
(C:\Users\gregorp.NEBULA2\AppData\Roaming\MiKTeX\2.9\tex\latex\microtype\microt
ype.sty
Package: microtype 2013/05/23 v2.5a Micro-typographical refinements (RS)
\MT@toks=\toks29
\MT@count=\count164
LaTeX Info: Redefining \textls on input line 766.
\MT@outer@kern=\dimen273
LaTeX Info: Redefining \textmicrotypecontext on input line 1285.
\MT@listname@count=\count165

(C:\Users\gregorp.NEBULA2\AppData\Roaming\MiKTeX\2.9\tex\latex\microtype\microt
ype-xetex.def
File: microtype-xetex.def 2013/05/23 v2.5a Definitions specific to xetex (RS)
LaTeX Info: Redefining \lsstyle on input line 254.
)
Package microtype Info: Loading configuration file microtype.cfg.

(C:\Users\gregorp.NEBULA2\AppData\Roaming\MiKTeX\2.9\tex\latex\microtype\microt
ype.cfg
File: microtype.cfg 2013/05/23 v2.5a microtype main configuration file (RS)
))
\g__ior_internal_ior=\read2
\g_fontspec_family_Frutiger LT Std 45 Light_int=\count166
.................................................
. fontspec info: "defining-font"
. 
. Font family 'FrutigerLTStd45Light(0)' created for font 'Frutiger LT Std 45
. Light' with options [Ligatures=TeX].
. 
. This font family consists of the following shapes:
. 
. * 'normal' with NFSS spec.:
. <->"Frutiger LT Std 45
. Light/ICU:script=latn;language=DFLT;mapping=tex-text;"
. 
. * 'bold' with NFSS spec.:
. <->"Frutiger LT Std 45
. Light/B/ICU:script=latn;language=DFLT;mapping=tex-text;"
. 
. * 'italic' with NFSS spec.:
. <->"Frutiger LT Std 45
. Light/I/ICU:script=latn;language=DFLT;mapping=tex-text;"
. 
. * 'bold italic' with NFSS spec.:
. <->"Frutiger LT Std 45
. Light/BI/ICU:script=latn;language=DFLT;mapping=tex-text;"
.................................................

(C:\Users\gregorp.NEBULA2\AppData\Roaming\MiKTeX\2.9\tex\latex\fancyhdr\fancyhd
r.sty
\fancy@headwidth=\skip51
\f@ncyO@elh=\skip52
\f@ncyO@erh=\skip53
\f@ncyO@olh=\skip54
\f@ncyO@orh=\skip55
\f@ncyO@elf=\skip56
\f@ncyO@erf=\skip57
\f@ncyO@olf=\skip58
\f@ncyO@orf=\skip59
) ("C:\Program Files (x86)\MiKTeX 2.9\tex\generic\oberdiek\se-ascii-print.def"
File: se-ascii-print.def 2011/12/02 v1.10 stringenc: Printable ASCII characters

)

Package hyperref Warning: pdfproducer: xdvipdfmx will use its own setting
(hyperref)                instead of the value given on input line 96.

Package hyperref Info: Option `unicode' set `true' on input line 96.
(C:/R/R-30~1.1/share/texmf/tex/latex\upquote.sty
Package: upquote 2003/08/11 v1.1 Covington's upright-quote modification to verb
atim and verb
("C:\Program Files (x86)\MiKTeX 2.9\tex\latex\base\textcomp.sty"
Package: textcomp 2005/09/27 v1.99g Standard LaTeX package
Package textcomp Info: Sub-encoding information:
(textcomp)               5 = only ISO-Adobe without \textcurrency
(textcomp)               4 = 5 + \texteuro
(textcomp)               3 = 4 + \textohm
(textcomp)               2 = 3 + \textestimated + \textcurrency
(textcomp)               1 = TS1 - \textcircled - \t
(textcomp)               0 = TS1 (full)
(textcomp)             Font families with sub-encoding setting implement
(textcomp)             only a restricted character set as indicated.
(textcomp)             Family '?' is the default used for unknown fonts.
(textcomp)             See the documentation for details.
Package textcomp Info: Setting ? sub-encoding to TS1/1 on input line 71.
("C:\Program Files (x86)\MiKTeX 2.9\tex\latex\base\ts1enc.def"
File: ts1enc.def 2001/06/05 v3.0e (jk/car/fm) Standard LaTeX file
)
LaTeX Info: Redefining \oldstylenums on input line 266.
Package textcomp Info: Setting cmr sub-encoding to TS1/0 on input line 281.
Package textcomp Info: Setting cmss sub-encoding to TS1/0 on input line 282.
Package textcomp Info: Setting cmtt sub-encoding to TS1/0 on input line 283.
Package textcomp Info: Setting cmvtt sub-encoding to TS1/0 on input line 284.
Package textcomp Info: Setting cmbr sub-encoding to TS1/0 on input line 285.
Package textcomp Info: Setting cmtl sub-encoding to TS1/0 on input line 286.
Package textcomp Info: Setting ccr sub-encoding to TS1/0 on input line 287.
Package textcomp Info: Setting ptm sub-encoding to TS1/4 on input line 288.
Package textcomp Info: Setting pcr sub-encoding to TS1/4 on input line 289.
Package textcomp Info: Setting phv sub-encoding to TS1/4 on input line 290.
Package textcomp Info: Setting ppl sub-encoding to TS1/3 on input line 291.
Package textcomp Info: Setting pag sub-encoding to TS1/4 on input line 292.
Package textcomp Info: Setting pbk sub-encoding to TS1/4 on input line 293.
Package textcomp Info: Setting pnc sub-encoding to TS1/4 on input line 294.
Package textcomp Info: Setting pzc sub-encoding to TS1/4 on input line 295.
Package textcomp Info: Setting bch sub-encoding to TS1/4 on input line 296.
Package textcomp Info: Setting put sub-encoding to TS1/5 on input line 297.
Package textcomp Info: Setting uag sub-encoding to TS1/5 on input line 298.
Package textcomp Info: Setting ugq sub-encoding to TS1/5 on input line 299.
Package textcomp Info: Setting ul8 sub-encoding to TS1/4 on input line 300.
Package textcomp Info: Setting ul9 sub-encoding to TS1/4 on input line 301.
Package textcomp Info: Setting augie sub-encoding to TS1/5 on input line 302.
Package textcomp Info: Setting dayrom sub-encoding to TS1/3 on input line 303.
Package textcomp Info: Setting dayroms sub-encoding to TS1/3 on input line 304.

Package textcomp Info: Setting pxr sub-encoding to TS1/0 on input line 305.
Package textcomp Info: Setting pxss sub-encoding to TS1/0 on input line 306.
Package textcomp Info: Setting pxtt sub-encoding to TS1/0 on input line 307.
Package textcomp Info: Setting txr sub-encoding to TS1/0 on input line 308.
Package textcomp Info: Setting txss sub-encoding to TS1/0 on input line 309.
Package textcomp Info: Setting txtt sub-encoding to TS1/0 on input line 310.
Package textcomp Info: Setting lmr sub-encoding to TS1/0 on input line 311.
Package textcomp Info: Setting lmdh sub-encoding to TS1/0 on input line 312.
Package textcomp Info: Setting lmss sub-encoding to TS1/0 on input line 313.
Package textcomp Info: Setting lmssq sub-encoding to TS1/0 on input line 314.
Package textcomp Info: Setting lmvtt sub-encoding to TS1/0 on input line 315.
Package textcomp Info: Setting qhv sub-encoding to TS1/0 on input line 316.
Package textcomp Info: Setting qag sub-encoding to TS1/0 on input line 317.
Package textcomp Info: Setting qbk sub-encoding to TS1/0 on input line 318.
Package textcomp Info: Setting qcr sub-encoding to TS1/0 on input line 319.
Package textcomp Info: Setting qcs sub-encoding to TS1/0 on input line 320.
Package textcomp Info: Setting qpl sub-encoding to TS1/0 on input line 321.
Package textcomp Info: Setting qtm sub-encoding to TS1/0 on input line 322.
Package textcomp Info: Setting qzc sub-encoding to TS1/0 on input line 323.
Package textcomp Info: Setting qhvc sub-encoding to TS1/0 on input line 324.
Package textcomp Info: Setting futs sub-encoding to TS1/4 on input line 325.
Package textcomp Info: Setting futx sub-encoding to TS1/4 on input line 326.
Package textcomp Info: Setting futj sub-encoding to TS1/4 on input line 327.
Package textcomp Info: Setting hlh sub-encoding to TS1/3 on input line 328.
Package textcomp Info: Setting hls sub-encoding to TS1/3 on input line 329.
Package textcomp Info: Setting hlst sub-encoding to TS1/3 on input line 330.
Package textcomp Info: Setting hlct sub-encoding to TS1/5 on input line 331.
Package textcomp Info: Setting hlx sub-encoding to TS1/5 on input line 332.
Package textcomp Info: Setting hlce sub-encoding to TS1/5 on input line 333.
Package textcomp Info: Setting hlcn sub-encoding to TS1/5 on input line 334.
Package textcomp Info: Setting hlcw sub-encoding to TS1/5 on input line 335.
Package textcomp Info: Setting hlcf sub-encoding to TS1/5 on input line 336.
Package textcomp Info: Setting pplx sub-encoding to TS1/3 on input line 337.
Package textcomp Info: Setting pplj sub-encoding to TS1/3 on input line 338.
Package textcomp Info: Setting ptmx sub-encoding to TS1/4 on input line 339.
Package textcomp Info: Setting ptmj sub-encoding to TS1/4 on input line 340.
)) ("S:\Data Portal\county_reports\reports\county_report_Island.aux")
LaTeX Font Info:    Checking defaults for OML/cmm/m/it on input line 123.
LaTeX Font Info:    ... okay on input line 123.
LaTeX Font Info:    Checking defaults for T1/cmr/m/n on input line 123.
LaTeX Font Info:    ... okay on input line 123.
LaTeX Font Info:    Checking defaults for OT1/cmr/m/n on input line 123.
LaTeX Font Info:    ... okay on input line 123.
LaTeX Font Info:    Checking defaults for OMS/cmsy/m/n on input line 123.
LaTeX Font Info:    ... okay on input line 123.
LaTeX Font Info:    Checking defaults for OMX/cmex/m/n on input line 123.
LaTeX Font Info:    ... okay on input line 123.
LaTeX Font Info:    Checking defaults for U/cmr/m/n on input line 123.
LaTeX Font Info:    ... okay on input line 123.
LaTeX Font Info:    Checking defaults for EU1/lmr/m/n on input line 123.
LaTeX Font Info:    ... okay on input line 123.
LaTeX Font Info:    Checking defaults for T3/cmr/m/n on input line 123.
LaTeX Font Info:    Try loading font information for T3+cmr on input line 123.
(C:\Users\gregorp.NEBULA2\AppData\Roaming\MiKTeX\2.9\tex\latex\tipa\t3cmr.fd
File: t3cmr.fd 2001/12/31 TIPA font definitions
)
LaTeX Font Info:    ... okay on input line 123.
LaTeX Font Info:    Checking defaults for PD1/pdf/m/n on input line 123.
LaTeX Font Info:    ... okay on input line 123.
LaTeX Font Info:    Checking defaults for PU/pdf/m/n on input line 123.
LaTeX Font Info:    ... okay on input line 123.
LaTeX Font Info:    Checking defaults for TS1/cmr/m/n on input line 123.
LaTeX Font Info:    Try loading font information for TS1+cmr on input line 123.

("C:\Program Files (x86)\MiKTeX 2.9\tex\latex\base\ts1cmr.fd"
File: ts1cmr.fd 1999/05/25 v2.5h Standard LaTeX font definitions
)
LaTeX Font Info:    ... okay on input line 123.
.................................................
. fontspec info: "setup-math"
. 
. Adjusting the maths setup (use [no-math] to avoid this).
.................................................
\symlegacymaths=\mathgroup4
LaTeX Font Info:    Overwriting symbol font `legacymaths' in version `bold'
(Font)                  OT1/cmr/m/n --> OT1/cmr/bx/n on input line 123.
LaTeX Font Info:    Redeclaring math accent \acute on input line 123.
LaTeX Font Info:    Redeclaring math accent \grave on input line 123.
LaTeX Font Info:    Redeclaring math accent \ddot on input line 123.
LaTeX Font Info:    Redeclaring math accent \tilde on input line 123.
LaTeX Font Info:    Redeclaring math accent \bar on input line 123.
LaTeX Font Info:    Redeclaring math accent \breve on input line 123.
LaTeX Font Info:    Redeclaring math accent \check on input line 123.
LaTeX Font Info:    Redeclaring math accent \hat on input line 123.
LaTeX Font Info:    Redeclaring math accent \dot on input line 123.
LaTeX Font Info:    Redeclaring math accent \mathring on input line 123.
LaTeX Font Info:    Redeclaring math symbol \colon on input line 123.
LaTeX Font Info:    Redeclaring math symbol \Gamma on input line 123.
LaTeX Font Info:    Redeclaring math symbol \Delta on input line 123.
LaTeX Font Info:    Redeclaring math symbol \Theta on input line 123.
LaTeX Font Info:    Redeclaring math symbol \Lambda on input line 123.
LaTeX Font Info:    Redeclaring math symbol \Xi on input line 123.
LaTeX Font Info:    Redeclaring math symbol \Pi on input line 123.
LaTeX Font Info:    Redeclaring math symbol \Sigma on input line 123.
LaTeX Font Info:    Redeclaring math symbol \Upsilon on input line 123.
LaTeX Font Info:    Redeclaring math symbol \Phi on input line 123.
LaTeX Font Info:    Redeclaring math symbol \Psi on input line 123.
LaTeX Font Info:    Redeclaring math symbol \Omega on input line 123.
LaTeX Font Info:    Redeclaring math symbol \mathdollar on input line 123.
LaTeX Font Info:    Redeclaring symbol font `operators' on input line 123.
LaTeX Font Info:    Encoding `OT1' has changed to `EU1' for symbol font
(Font)              `operators' in the math version `normal' on input line 123.

LaTeX Font Info:    Overwriting symbol font `operators' in version `normal'
(Font)                  OT1/cmr/m/n --> EU1/FrutigerLTStd45Light(0)/m/n on inpu
t line 123.
LaTeX Font Info:    Encoding `OT1' has changed to `EU1' for symbol font
(Font)              `operators' in the math version `bold' on input line 123.
LaTeX Font Info:    Overwriting symbol font `operators' in version `bold'
(Font)                  OT1/cmr/bx/n --> EU1/FrutigerLTStd45Light(0)/m/n on inp
ut line 123.
LaTeX Font Info:    Overwriting symbol font `operators' in version `normal'
(Font)                  EU1/FrutigerLTStd45Light(0)/m/n --> EU1/FrutigerLTStd45
Light(0)/m/n on input line 123.
LaTeX Font Info:    Overwriting math alphabet `\mathrm' in version `normal'
(Font)                  EU1/FrutigerLTStd45Light(0)/m/n --> EU1/FrutigerLTStd45
Light(0)/m/n on input line 123.
LaTeX Font Info:    Overwriting math alphabet `\mathit' in version `normal'
(Font)                  OT1/cmr/m/it --> EU1/FrutigerLTStd45Light(0)/m/it on in
put line 123.
LaTeX Font Info:    Overwriting math alphabet `\mathbf' in version `normal'
(Font)                  OT1/cmr/bx/n --> EU1/FrutigerLTStd45Light(0)/bx/n on in
put line 123.
LaTeX Font Info:    Overwriting math alphabet `\mathsf' in version `normal'
(Font)                  OT1/cmss/m/n --> EU1/lmss/m/n on input line 123.
LaTeX Font Info:    Overwriting math alphabet `\mathtt' in version `normal'
(Font)                  OT1/cmtt/m/n --> EU1/lmtt/m/n on input line 123.
LaTeX Font Info:    Overwriting symbol font `operators' in version `bold'
(Font)                  EU1/FrutigerLTStd45Light(0)/m/n --> EU1/FrutigerLTStd45
Light(0)/bx/n on input line 123.
LaTeX Font Info:    Overwriting math alphabet `\mathrm' in version `bold'
(Font)                  EU1/FrutigerLTStd45Light(0)/m/n --> EU1/FrutigerLTStd45
Light(0)/bx/n on input line 123.
LaTeX Font Info:    Overwriting math alphabet `\mathit' in version `bold'
(Font)                  OT1/cmr/bx/it --> EU1/FrutigerLTStd45Light(0)/bx/it on 
input line 123.
LaTeX Font Info:    Overwriting math alphabet `\mathsf' in version `bold'
(Font)                  OT1/cmss/bx/n --> EU1/lmss/bx/n on input line 123.
LaTeX Font Info:    Overwriting math alphabet `\mathtt' in version `bold'
(Font)                  OT1/cmtt/m/n --> EU1/lmtt/bx/n on input line 123.
*geometry* detected driver: pdftex
*geometry* verbose mode - [ preamble ] result:
* driver: pdftex
* paper: <default>
* layout: <same size as paper>
* layoutoffset:(h,v)=(0.0pt,0.0pt)
* modes: includehead includefoot 
* h-part:(L,W,R)=(36.135pt, 542.02501pt, 36.135pt)
* v-part:(T,H,B)=(36.135pt, 722.7pt, 36.135pt)
* \paperwidth=614.295pt
* \paperheight=794.96999pt
* \textwidth=542.02501pt
* \textheight=655.7pt
* \oddsidemargin=-36.135pt
* \evensidemargin=-36.135pt
* \topmargin=-36.135pt
* \headheight=12.0pt
* \headsep=25.0pt
* \topskip=10.0pt
* \footskip=30.0pt
* \marginparwidth=65.0pt
* \marginparsep=11.0pt
* \columnsep=10.0pt
* \skip\footins=9.0pt plus 4.0pt minus 2.0pt
* \hoffset=0.0pt
* \voffset=0.0pt
* \mag=1000
* \@twocolumnfalse
* \@twosidefalse
* \@mparswitchfalse
* \@reversemarginfalse
* (1in=72.27pt=25.4mm, 1cm=28.453pt)

\AtBeginShipoutBox=\box52
Package hyperref Info: Link coloring OFF on input line 123.
("C:\Program Files (x86)\MiKTeX 2.9\tex\latex\hyperref\nameref.sty"
Package: nameref 2012/10/27 v2.43 Cross-referencing by name of section
("C:\Program Files (x86)\MiKTeX 2.9\tex\generic\oberdiek\gettitlestring.sty"
Package: gettitlestring 2010/12/03 v1.4 Cleanup title references (HO)
)
\c@section@level=\count167
)
LaTeX Info: Redefining \ref on input line 123.
LaTeX Info: Redefining \pageref on input line 123.
LaTeX Info: Redefining \nameref on input line 123.
("S:\Data Portal\county_reports\reports\county_report_Island.out") ("S:\Data Po
rtal\county_reports\reports\county_report_Island.out")
\@outlinefile=\write4
ABD: EveryShipout initializing macros
Package caption Info: Begin \AtBeginDocument code.
Package caption Info: End \AtBeginDocument code.
LaTeX Info: Redefining \microtypecontext on input line 123.
Package microtype Info: Character protrusion enabled (level 2).
Package microtype Info: Using default protrusion set `alltext'.
Package microtype Info: No adjustment of tracking.
Package microtype Info: No adjustment of spacing.
Package microtype Info: No adjustment of kerning.
Package microtype Info: Loading generic settings for font family
(microtype)             `FrutigerLTStd45Light' (encoding: EU1).
(microtype)             For optimal results, create family-specific settings.
(microtype)             See the microtype manual for details.
Package microtype Info: Character `\k A' is missing
(microtype)             in font `\EU1/FrutigerLTStd45Light(0)/m/n/10'.
(microtype)             Ignoring protrusion settings for this character.
Package microtype Info: Character `\u A' is missing
(microtype)             in font `\EU1/FrutigerLTStd45Light(0)/m/n/10'.
(microtype)             Ignoring protrusion settings for this character.
Package microtype Info: Character `\k a' is missing
(microtype)             in font `\EU1/FrutigerLTStd45Light(0)/m/n/10'.
(microtype)             Ignoring protrusion settings for this character.
Package microtype Info: Character `\u a' is missing
(microtype)             in font `\EU1/FrutigerLTStd45Light(0)/m/n/10'.
(microtype)             Ignoring protrusion settings for this character.
Package microtype Info: Character `\'C' is missing
(microtype)             in font `\EU1/FrutigerLTStd45Light(0)/m/n/10'.
(microtype)             Ignoring protrusion settings for this character.
Package microtype Info: Character `\v C' is missing
(microtype)             in font `\EU1/FrutigerLTStd45Light(0)/m/n/10'.
(microtype)             Ignoring protrusion settings for this character.
Package microtype Info: Character `\'c' is missing
(microtype)             in font `\EU1/FrutigerLTStd45Light(0)/m/n/10'.
(microtype)             Ignoring protrusion settings for this character.
Package microtype Info: Character `\v c' is missing
(microtype)             in font `\EU1/FrutigerLTStd45Light(0)/m/n/10'.
(microtype)             Ignoring protrusion settings for this character.
Package microtype Info: Character `\v D' is missing
(microtype)             in font `\EU1/FrutigerLTStd45Light(0)/m/n/10'.
(microtype)             Ignoring protrusion settings for this character.
Package microtype Info: Character `\v d' is missing
(microtype)             in font `\EU1/FrutigerLTStd45Light(0)/m/n/10'.
(microtype)             Ignoring protrusion settings for this character.
Package microtype Info: Character `\dj ' is missing
(microtype)             in font `\EU1/FrutigerLTStd45Light(0)/m/n/10'.
(microtype)             Ignoring protrusion settings for this character.
Package microtype Info: Character `\k E' is missing
(microtype)             in font `\EU1/FrutigerLTStd45Light(0)/m/n/10'.
(microtype)             Ignoring protrusion settings for this character.
Package microtype Info: Character `\v E' is missing
(microtype)             in font `\EU1/FrutigerLTStd45Light(0)/m/n/10'.
(microtype)             Ignoring protrusion settings for this character.
Package microtype Info: Character `\k e' is missing
(microtype)             in font `\EU1/FrutigerLTStd45Light(0)/m/n/10'.
(microtype)             Ignoring protrusion settings for this character.
Package microtype Info: Character `\v e' is missing
(microtype)             in font `\EU1/FrutigerLTStd45Light(0)/m/n/10'.
(microtype)             Ignoring protrusion settings for this character.
Package microtype Info: Character `\u G' is missing
(microtype)             in font `\EU1/FrutigerLTStd45Light(0)/m/n/10'.
(microtype)             Ignoring protrusion settings for this character.
Package microtype Info: Character `\u g' is missing
(microtype)             in font `\EU1/FrutigerLTStd45Light(0)/m/n/10'.
(microtype)             Ignoring protrusion settings for this character.
Package microtype Info: Character `\.I' is missing
(microtype)             in font `\EU1/FrutigerLTStd45Light(0)/m/n/10'.
(microtype)             Ignoring protrusion settings for this character.
Package microtype Info: Character `\'L' is missing
(microtype)             in font `\EU1/FrutigerLTStd45Light(0)/m/n/10'.
(microtype)             Ignoring protrusion settings for this character.
Package microtype Info: Character `\v L' is missing
(microtype)             in font `\EU1/FrutigerLTStd45Light(0)/m/n/10'.
(microtype)             Ignoring protrusion settings for this character.
Package microtype Info: Character `\'l' is missing
(microtype)             in font `\EU1/FrutigerLTStd45Light(0)/m/n/10'.
(microtype)             Ignoring protrusion settings for this character.
Package microtype Info: Character `\v l' is missing
(microtype)             in font `\EU1/FrutigerLTStd45Light(0)/m/n/10'.
(microtype)             Ignoring protrusion settings for this character.
Package microtype Info: Character `\'N' is missing
(microtype)             in font `\EU1/FrutigerLTStd45Light(0)/m/n/10'.
(microtype)             Ignoring protrusion settings for this character.
Package microtype Info: Character `\v N' is missing
(microtype)             in font `\EU1/FrutigerLTStd45Light(0)/m/n/10'.
(microtype)             Ignoring protrusion settings for this character.
Package microtype Info: Character `\'n' is missing
(microtype)             in font `\EU1/FrutigerLTStd45Light(0)/m/n/10'.
(microtype)             Ignoring protrusion settings for this character.
Package microtype Info: Character `\v n' is missing
(microtype)             in font `\EU1/FrutigerLTStd45Light(0)/m/n/10'.
(microtype)             Ignoring protrusion settings for this character.
Package microtype Info: Character `\H O' is missing
(microtype)             in font `\EU1/FrutigerLTStd45Light(0)/m/n/10'.
(microtype)             Ignoring protrusion settings for this character.
Package microtype Info: Character `\H o' is missing
(microtype)             in font `\EU1/FrutigerLTStd45Light(0)/m/n/10'.
(microtype)             Ignoring protrusion settings for this character.
Package microtype Info: Character `\'R' is missing
(microtype)             in font `\EU1/FrutigerLTStd45Light(0)/m/n/10'.
(microtype)             Ignoring protrusion settings for this character.
Package microtype Info: Character `\v R' is missing
(microtype)             in font `\EU1/FrutigerLTStd45Light(0)/m/n/10'.
(microtype)             Ignoring protrusion settings for this character.
Package microtype Info: Character `\'r' is missing
(microtype)             in font `\EU1/FrutigerLTStd45Light(0)/m/n/10'.
(microtype)             Ignoring protrusion settings for this character.
Package microtype Info: Character `\v r' is missing
(microtype)             in font `\EU1/FrutigerLTStd45Light(0)/m/n/10'.
(microtype)             Ignoring protrusion settings for this character.
Package microtype Info: Character `\'S' is missing
(microtype)             in font `\EU1/FrutigerLTStd45Light(0)/m/n/10'.
(microtype)             Ignoring protrusion settings for this character.
Package microtype Info: Character `\c S' is missing
(microtype)             in font `\EU1/FrutigerLTStd45Light(0)/m/n/10'.
(microtype)             Ignoring protrusion settings for this character.
Package microtype Info: Character `\'s' is missing
(microtype)             in font `\EU1/FrutigerLTStd45Light(0)/m/n/10'.
(microtype)             Ignoring protrusion settings for this character.
Package microtype Info: Character `\c s' is missing
(microtype)             in font `\EU1/FrutigerLTStd45Light(0)/m/n/10'.
(microtype)             Ignoring protrusion settings for this character.
Package microtype Info: Character `\c T' is missing
(microtype)             in font `\EU1/FrutigerLTStd45Light(0)/m/n/10'.
(microtype)             Ignoring protrusion settings for this character.
Package microtype Info: Character `\v T' is missing
(microtype)             in font `\EU1/FrutigerLTStd45Light(0)/m/n/10'.
(microtype)             Ignoring protrusion settings for this character.
Package microtype Info: Character `\c t' is missing
(microtype)             in font `\EU1/FrutigerLTStd45Light(0)/m/n/10'.
(microtype)             Ignoring protrusion settings for this character.
Package microtype Info: Character `\v t' is missing
(microtype)             in font `\EU1/FrutigerLTStd45Light(0)/m/n/10'.
(microtype)             Ignoring protrusion settings for this character.
Package microtype Info: Character `\H U' is missing
(microtype)             in font `\EU1/FrutigerLTStd45Light(0)/m/n/10'.
(microtype)             Ignoring protrusion settings for this character.
Package microtype Info: Character `\r U' is missing
(microtype)             in font `\EU1/FrutigerLTStd45Light(0)/m/n/10'.
(microtype)             Ignoring protrusion settings for this character.
Package microtype Info: Character `\H u' is missing
(microtype)             in font `\EU1/FrutigerLTStd45Light(0)/m/n/10'.
(microtype)             Ignoring protrusion settings for this character.
Package microtype Info: Character `\r u' is missing
(microtype)             in font `\EU1/FrutigerLTStd45Light(0)/m/n/10'.
(microtype)             Ignoring protrusion settings for this character.
Package microtype Info: Character `\'Z' is missing
(microtype)             in font `\EU1/FrutigerLTStd45Light(0)/m/n/10'.
(microtype)             Ignoring protrusion settings for this character.
Package microtype Info: Character `\.Z' is missing
(microtype)             in font `\EU1/FrutigerLTStd45Light(0)/m/n/10'.
(microtype)             Ignoring protrusion settings for this character.
Package microtype Info: Character `\'z' is missing
(microtype)             in font `\EU1/FrutigerLTStd45Light(0)/m/n/10'.
(microtype)             Ignoring protrusion settings for this character.
Package microtype Info: Character `\.z' is missing
(microtype)             in font `\EU1/FrutigerLTStd45Light(0)/m/n/10'.
(microtype)             Ignoring protrusion settings for this character.
*geometry* verbose mode - [ newgeometry ] result:
* driver: pdftex
* paper: <default>
* layout: <same size as paper>
* layoutoffset:(h,v)=(0.0pt,0.0pt)
* modes: 
* h-part:(L,W,R)=(36.135pt, 542.02501pt, 36.135pt)
* v-part:(T,H,B)=(36.135pt, 744.38123pt, 14.45377pt)
* \paperwidth=614.295pt
* \paperheight=794.96999pt
* \textwidth=542.02501pt
* \textheight=744.38123pt
* \oddsidemargin=-36.135pt
* \evensidemargin=-36.135pt
* \topmargin=-73.135pt
* \headheight=12.0pt
* \headsep=25.0pt
* \topskip=10.0pt
* \footskip=30.0pt
* \marginparwidth=65.0pt
* \marginparsep=11.0pt
* \columnsep=10.0pt
* \skip\footins=9.0pt plus 4.0pt minus 2.0pt
* \hoffset=0.0pt
* \voffset=0.0pt
* \mag=1000
* \@twocolumnfalse
* \@twosidefalse
* \@mparswitchfalse
* \@reversemarginfalse
* (1in=72.27pt=25.4mm, 1cm=28.453pt)

File: pocLogoSmall.png Graphic file (type QTm)
<use  "pocLogoSmall.png" >
\g_fontspec_family_Archer_int=\count168
.................................................
. fontspec info: "no-font-shape"
. 
. Could not resolve font Archer/B (it probably doesn't exist).
.................................................
.................................................
. fontspec info: "defining-font"
. 
. Font family 'Archer(0)' created for font 'Archer' with options [].
. 
. This font family consists of the following shapes:
. 
. * 'normal' with NFSS spec.:
. <->"Archer/ICU:script=latn;language=DFLT;"
. 
. * 'small caps' with NFSS spec.:
. <->"Archer/ICU:script=latn;language=DFLT;+smcp;"
. 
. * 'italic' with NFSS spec.:
. <->"Archer/I/ICU:script=latn;language=DFLT;"
. 
. * 'bold italic' with NFSS spec.:
. <->"Archer/BI/ICU:script=latn;language=DFLT;"
.................................................
Package microtype Info: Loading generic settings for font family
(microtype)             `Archer' (encoding: EU1).
(microtype)             For optimal results, create family-specific settings.
(microtype)             See the microtype manual for details.

Overfull \hbox (18.66748pt too wide) in paragraph at lines 170--171
[][] 
 []

.................................................
. fontspec info: "defining-font"
. 
. Font family 'Archer(0)' created for font 'Archer' with options [].
. 
. This font family consists of the following shapes:
.................................................

LaTeX Font Warning: Font shape `EU1/Archer(0)/bx/n' undefined
(Font)              using `EU1/Archer(0)/m/n' instead on input line 174.

S:/Data Portal/county_reports/reports/county_report_Island.tex:176: Too many }'
s
You've closed more groups than you opened.
Such booboos are generally harmless, so keep going.

LaTeX Font Info:    External font `cmex10' loaded for size
(Font)              <7> on input line 198.
LaTeX Font Info:    External font `cmex10' loaded for size
(Font)              <5> on input line 198.

(C:\Users\gregorp.NEBULA2\AppData\Roaming\MiKTeX\2.9\tex\latex\microtype\mt-cmr
.cfg
File: mt-cmr.cfg 2013/05/19 v2.2 microtype config. file: Computer Modern Roman 
(RS)
)
File: county_maps/Island-b.pdf Graphic file (type QTm)
 <use  "county_maps/Island-b.pdf" >
Overfull \hbox (1.85332pt too wide) in paragraph at lines 192--222
[]$[]$ $[]$ 
 []

 [1


]
.................................................
. fontspec info: "defining-font"
. 
. Font family 'Archer(0)' created for font 'Archer' with options [].
. 
. This font family consists of the following shapes:
.................................................
.................................................
. fontspec info: "defining-font"
. 
. Font family 'Archer(0)' created for font 'Archer' with options [].
. 
. This font family consists of the following shapes:
.................................................

Package xcolor Warning: Incompatible color definition on input line 236.

File: figure/ia_focus.pdf Graphic file (type QTm)
 <use  "figure/ia_focus.pdf" >

Package Fancyhdr Warning: \headheight is too small (12.0pt): 
 Make it at least 20.39996pt.
 We now make it that large for the rest of the document.
 This may cause the page layout to be inconsistent, however.

 [2

]
.................................................
. fontspec info: "defining-font"
. 
. Font family 'Archer(0)' created for font 'Archer' with options [].
. 
. This font family consists of the following shapes:
.................................................

Package xcolor Warning: Incompatible color definition on input line 256.

File: figure/ia_context.pdf Graphic file (type QTm)
 <use  "figure/ia_context.pdf" > [3]
.................................................
. fontspec info: "defining-font"
. 
. Font family 'Archer(0)' created for font 'Archer' with options [].
. 
. This font family consists of the following shapes:
.................................................
.................................................
. fontspec info: "defining-font"
. 
. Font family 'Archer(0)' created for font 'Archer' with options [].
. 
. This font family consists of the following shapes:
.................................................

Package xcolor Warning: Incompatible color definition on input line 283.

File: figure/ihs_focus.pdf Graphic file (type QTm)
 <use  "figure/ihs_focus.pdf" > [4]
.................................................
. fontspec info: "defining-font"
. 
. Font family 'Archer(0)' created for font 'Archer' with options [].
. 
. This font family consists of the following shapes:
.................................................

Package xcolor Warning: Incompatible color definition on input line 303.

File: figure/ihs_context.pdf Graphic file (type QTm)
 <use  "figure/ihs_context.pdf" > [5]
.................................................
. fontspec info: "defining-font"
. 
. Font family 'Archer(0)' created for font 'Archer' with options [].
. 
. This font family consists of the following shapes:
.................................................
 [6]
.................................................
. fontspec info: "defining-font"
. 
. Font family 'Archer(0)' created for font 'Archer' with options [].
. 
. This font family consists of the following shapes:
.................................................

Underfull \hbox (badness 10000) in paragraph at lines 345--346

 []

.................................................
. fontspec info: "defining-font"
. 
. Font family 'Archer(0)' created for font 'Archer' with options [].
. 
. This font family consists of the following shapes:
.................................................

Package xcolor Warning: Incompatible color definition on input line 358.

File: figure/ooh_focus.pdf Graphic file (type QTm)
 <use  "figure/ooh_focus.pdf" >
.................................................
. fontspec info: "defining-font"
. 
. Font family 'Archer(0)' created for font 'Archer' with options [].
. 
. This font family consists of the following shapes:
.................................................

Package xcolor Warning: Incompatible color definition on input line 378.

File: figure/ooh_context.pdf Graphic file (type QTm)
 <use  "figure/ooh_context.pdf" > [7]
.................................................
. fontspec info: "defining-font"
. 
. Font family 'Archer(0)' created for font 'Archer' with options [].
. 
. This font family consists of the following shapes:
.................................................
 [8]
.................................................
. fontspec info: "defining-font"
. 
. Font family 'Archer(0)' created for font 'Archer' with options [].
. 
. This font family consists of the following shapes:
.................................................

Package xcolor Warning: Incompatible color definition on input line 432.

File: figure/ooh_outcomes.pdf Graphic file (type QTm)
 <use  "figure/ooh_outcomes.pdf" > [9]
.................................................
. fontspec info: "defining-font"
. 
. Font family 'Archer(0)' created for font 'Archer' with options [].
. 
. This font family consists of the following shapes:
.................................................

Package xcolor Warning: Incompatible color definition on input line 458.

File: figure/ooh_wb.pdf Graphic file (type QTm)
 <use  "figure/ooh_wb.pdf" > [10]
.................................................
. fontspec info: "defining-font"
. 
. Font family 'Archer(0)' created for font 'Archer' with options [].
. 
. This font family consists of the following shapes:
.................................................

Overfull \hbox (11.01826pt too wide) in paragraph at lines 506--507
[]\EU1/FrutigerLTStd45Light(0)/m/n/10 U.S. Census data is retrieved from the mo
st recent State and County Quickfacts ([]http://quickfacts.census.gov/qfd/state
s/53000.html[]). 
 []


Underfull \hbox (badness 10000) in paragraph at lines 506--507

 []

Package atveryend Info: Empty hook `BeforeClearDocument' on input line 509.
 [11]
Package atveryend Info: Empty hook `AfterLastShipout' on input line 509.
 ("S:\Data Portal\county_reports\reports\county_report_Island.aux")
Package atveryend Info: Empty hook `AtVeryEndDocument' on input line 509.
Package atveryend Info: Empty hook `AtEndAfterFileList' on input line 509.

LaTeX Font Warning: Some font shapes were not available, defaults substituted.

Package atveryend Info: Empty hook `AtVeryVeryEnd' on input line 509.
 ) 
Here is how much of TeX's memory you used:
 32637 strings out of 429035
 631522 string characters out of 3166907
 652393 words of memory out of 3000000
 35463 multiletter control sequences out of 15000+200000
 4240 words of font info for 45 fonts, out of 3000000 for 9000
 912 hyphenation exceptions out of 8191
 56i,11n,55p,718b,619s stack positions out of 5000i,500n,10000p,200000b,50000s

Output written on county_report_Island.pdf (11 pages).
